<?xml version="1.0" encoding="UTF-8"?>
<!-- Generated by org.testng.reporters.JUnitReportReporter -->
<testsuite skipped="0" hostname="DESKTOP-9VF53AB" name="executionEngine.DriverScript" tests="1" failures="0" timestamp="13 Feb 2019 09:11:17 GMT" time="38.191" errors="0">
  <testcase name="test1" time="38.191" classname="executionEngine.DriverScript"/>
</testsuite> <!-- executionEngine.DriverScript -->
